<?xml version="1.0" encoding="UTF-8"?>
<!-- Generated by org.testng.reporters.JUnitReportReporter -->
<testsuite skipped="0" hostname="DESKTOP-EQJ818K" name="com.actiTime.LoginTests.ValidLoginTest" tests="1" failures="0" timestamp="2020-08-19T23:53:54 IST" time="0.009" errors="0">
  <testcase name="run" time="0.009" classname="com.actiTime.LoginTests.ValidLoginTest"/>
</testsuite> <!-- com.actiTime.LoginTests.ValidLoginTest -->
